INFO  com.example.user_center.UserCenterApplication - Starting UserCenterApplication using Java 1.8.0_221 on DESKTOP-VEAM1P3 with PID 27888 (D:\文件\用户中心\练习\user_center\target\classes started by Administrator in D:\文件\用户中心\练习\user_center)
INFO  com.example.user_center.UserCenterApplication - No active profile set, falling back to 1 default profile: "default"
INFO  o.s.b.d.env.DevToolsPropertyDefaultsPostProcessor - Devtools property defaults active! Set 'spring.devtools.add-properties' to 'false' to disable
INFO  o.s.b.d.env.DevToolsPropertyDefaultsPostProcessor - For additional web related logging consider setting the 'logging.level.web' property to 'DEBUG'
INFO  o.s.boot.web.embedded.tomcat.TomcatWebServer - Tomcat initialized with port(s): 8080 (http)
INFO  org.apache.coyote.http11.Http11NioProtocol - Initializing ProtocolHandler ["http-nio-8080"]
INFO  org.apache.catalina.core.StandardService - Starting service [Tomcat]
INFO  org.apache.catalina.core.StandardEngine - Starting Servlet engine: [Apache Tomcat/9.0.71]
INFO  o.a.c.core.ContainerBase.[Tomcat].[localhost].[/] - Initializing Spring embedded WebApplicationContext
INFO  o.s.b.w.s.c.ServletWebServerApplicationContext - Root WebApplicationContext: initialization completed in 749 ms
INFO  o.s.b.d.autoconfigure.OptionalLiveReloadServer - LiveReload server is running on port 35729
INFO  org.apache.coyote.http11.Http11NioProtocol - Starting ProtocolHandler ["http-nio-8080"]
INFO  o.s.boot.web.embedded.tomcat.TomcatWebServer - Tomcat started on port(s): 8080 (http) with context path ''
INFO  com.example.user_center.UserCenterApplication - Started UserCenterApplication in 1.721 seconds (JVM running for 2.665)
INFO  o.a.c.core.ContainerBase.[Tomcat].[localhost].[/] - Initializing Spring DispatcherServlet 'dispatcherServlet'
INFO  org.springframework.web.servlet.DispatcherServlet - Initializing Servlet 'dispatcherServlet'
INFO  org.springframework.web.servlet.DispatcherServlet - Completed initialization in 1 ms
INFO  com.zaxxer.hikari.HikariDataSource - HikariPool-1 - Starting...
INFO  com.zaxxer.hikari.HikariDataSource - HikariPool-1 - Start completed.
INFO  com.zaxxer.hikari.HikariDataSource - HikariPool-1 - Shutdown initiated...
INFO  com.zaxxer.hikari.HikariDataSource - HikariPool-1 - Shutdown completed.
INFO  com.example.user_center.UserCenterApplication - Starting UserCenterApplication using Java 1.8.0_221 on DESKTOP-VEAM1P3 with PID 17412 (D:\文件\用户中心\练习\user_center\target\classes started by Administrator in D:\文件\用户中心\练习\user_center)
INFO  com.example.user_center.UserCenterApplication - No active profile set, falling back to 1 default profile: "default"
INFO  o.s.b.d.env.DevToolsPropertyDefaultsPostProcessor - Devtools property defaults active! Set 'spring.devtools.add-properties' to 'false' to disable
INFO  o.s.b.d.env.DevToolsPropertyDefaultsPostProcessor - For additional web related logging consider setting the 'logging.level.web' property to 'DEBUG'
INFO  o.s.boot.web.embedded.tomcat.TomcatWebServer - Tomcat initialized with port(s): 8080 (http)
INFO  org.apache.coyote.http11.Http11NioProtocol - Initializing ProtocolHandler ["http-nio-8080"]
INFO  org.apache.catalina.core.StandardService - Starting service [Tomcat]
INFO  org.apache.catalina.core.StandardEngine - Starting Servlet engine: [Apache Tomcat/9.0.71]
INFO  o.a.c.core.ContainerBase.[Tomcat].[localhost].[/] - Initializing Spring embedded WebApplicationContext
INFO  o.s.b.w.s.c.ServletWebServerApplicationContext - Root WebApplicationContext: initialization completed in 683 ms
INFO  o.s.b.d.autoconfigure.OptionalLiveReloadServer - LiveReload server is running on port 35729
INFO  org.apache.coyote.http11.Http11NioProtocol - Starting ProtocolHandler ["http-nio-8080"]
INFO  o.s.boot.web.embedded.tomcat.TomcatWebServer - Tomcat started on port(s): 8080 (http) with context path ''
INFO  com.example.user_center.UserCenterApplication - Started UserCenterApplication in 1.612 seconds (JVM running for 2.142)
INFO  o.a.c.core.ContainerBase.[Tomcat].[localhost].[/] - Initializing Spring DispatcherServlet 'dispatcherServlet'
INFO  org.springframework.web.servlet.DispatcherServlet - Initializing Servlet 'dispatcherServlet'
INFO  org.springframework.web.servlet.DispatcherServlet - Completed initialization in 0 ms
INFO  com.example.user_center.UserCenterApplication - Starting UserCenterApplication using Java 1.8.0_221 on DESKTOP-VEAM1P3 with PID 18508 (D:\文件\用户中心\练习\user_center\target\classes started by Administrator in D:\文件\用户中心\练习\user_center)
INFO  com.example.user_center.UserCenterApplication - No active profile set, falling back to 1 default profile: "default"
INFO  o.s.b.d.env.DevToolsPropertyDefaultsPostProcessor - Devtools property defaults active! Set 'spring.devtools.add-properties' to 'false' to disable
INFO  o.s.b.d.env.DevToolsPropertyDefaultsPostProcessor - For additional web related logging consider setting the 'logging.level.web' property to 'DEBUG'
INFO  o.s.boot.web.embedded.tomcat.TomcatWebServer - Tomcat initialized with port(s): 8080 (http)
INFO  org.apache.coyote.http11.Http11NioProtocol - Initializing ProtocolHandler ["http-nio-8080"]
INFO  org.apache.catalina.core.StandardService - Starting service [Tomcat]
INFO  org.apache.catalina.core.StandardEngine - Starting Servlet engine: [Apache Tomcat/9.0.71]
INFO  o.a.c.core.ContainerBase.[Tomcat].[localhost].[/] - Initializing Spring embedded WebApplicationContext
INFO  o.s.b.w.s.c.ServletWebServerApplicationContext - Root WebApplicationContext: initialization completed in 635 ms
INFO  o.s.b.d.autoconfigure.OptionalLiveReloadServer - LiveReload server is running on port 35729
INFO  org.apache.coyote.http11.Http11NioProtocol - Starting ProtocolHandler ["http-nio-8080"]
INFO  o.s.boot.web.embedded.tomcat.TomcatWebServer - Tomcat started on port(s): 8080 (http) with context path ''
INFO  com.example.user_center.UserCenterApplication - Started UserCenterApplication in 1.554 seconds (JVM running for 2.21)
INFO  o.a.c.core.ContainerBase.[Tomcat].[localhost].[/] - Initializing Spring DispatcherServlet 'dispatcherServlet'
INFO  org.springframework.web.servlet.DispatcherServlet - Initializing Servlet 'dispatcherServlet'
INFO  org.springframework.web.servlet.DispatcherServlet - Completed initialization in 1 ms
INFO  com.example.user_center.UserCenterApplication - Starting UserCenterApplication using Java 1.8.0_221 on DESKTOP-VEAM1P3 with PID 28544 (D:\文件\用户中心\练习\user_center\target\classes started by Administrator in D:\文件\用户中心\练习\user_center)
INFO  com.example.user_center.UserCenterApplication - No active profile set, falling back to 1 default profile: "default"
INFO  o.s.b.d.env.DevToolsPropertyDefaultsPostProcessor - Devtools property defaults active! Set 'spring.devtools.add-properties' to 'false' to disable
INFO  o.s.b.d.env.DevToolsPropertyDefaultsPostProcessor - For additional web related logging consider setting the 'logging.level.web' property to 'DEBUG'
INFO  o.s.boot.web.embedded.tomcat.TomcatWebServer - Tomcat initialized with port(s): 8080 (http)
INFO  org.apache.coyote.http11.Http11NioProtocol - Initializing ProtocolHandler ["http-nio-8080"]
INFO  org.apache.catalina.core.StandardService - Starting service [Tomcat]
INFO  org.apache.catalina.core.StandardEngine - Starting Servlet engine: [Apache Tomcat/9.0.71]
INFO  o.a.c.core.ContainerBase.[Tomcat].[localhost].[/] - Initializing Spring embedded WebApplicationContext
INFO  o.s.b.w.s.c.ServletWebServerApplicationContext - Root WebApplicationContext: initialization completed in 662 ms
INFO  o.s.b.d.autoconfigure.OptionalLiveReloadServer - LiveReload server is running on port 35729
INFO  org.apache.coyote.http11.Http11NioProtocol - Starting ProtocolHandler ["http-nio-8080"]
INFO  o.s.boot.web.embedded.tomcat.TomcatWebServer - Tomcat started on port(s): 8080 (http) with context path ''
INFO  com.example.user_center.UserCenterApplication - Started UserCenterApplication in 1.599 seconds (JVM running for 2.151)
INFO  o.a.c.core.ContainerBase.[Tomcat].[localhost].[/] - Initializing Spring DispatcherServlet 'dispatcherServlet'
INFO  org.springframework.web.servlet.DispatcherServlet - Initializing Servlet 'dispatcherServlet'
INFO  org.springframework.web.servlet.DispatcherServlet - Completed initialization in 1 ms
INFO  com.example.user_center.UserCenterApplication - Starting UserCenterApplication using Java 1.8.0_221 on DESKTOP-VEAM1P3 with PID 14840 (D:\文件\用户中心\练习\user_center\target\classes started by Administrator in D:\文件\用户中心\练习\user_center)
INFO  com.example.user_center.UserCenterApplication - No active profile set, falling back to 1 default profile: "default"
INFO  o.s.b.d.env.DevToolsPropertyDefaultsPostProcessor - Devtools property defaults active! Set 'spring.devtools.add-properties' to 'false' to disable
INFO  o.s.b.d.env.DevToolsPropertyDefaultsPostProcessor - For additional web related logging consider setting the 'logging.level.web' property to 'DEBUG'
INFO  o.s.boot.web.embedded.tomcat.TomcatWebServer - Tomcat initialized with port(s): 8080 (http)
INFO  org.apache.coyote.http11.Http11NioProtocol - Initializing ProtocolHandler ["http-nio-8080"]
INFO  org.apache.catalina.core.StandardService - Starting service [Tomcat]
INFO  org.apache.catalina.core.StandardEngine - Starting Servlet engine: [Apache Tomcat/9.0.71]
INFO  o.a.c.core.ContainerBase.[Tomcat].[localhost].[/] - Initializing Spring embedded WebApplicationContext
INFO  o.s.b.w.s.c.ServletWebServerApplicationContext - Root WebApplicationContext: initialization completed in 632 ms
INFO  o.s.b.d.autoconfigure.OptionalLiveReloadServer - LiveReload server is running on port 35729
INFO  org.apache.coyote.http11.Http11NioProtocol - Starting ProtocolHandler ["http-nio-8080"]
INFO  o.s.boot.web.embedded.tomcat.TomcatWebServer - Tomcat started on port(s): 8080 (http) with context path ''
INFO  com.example.user_center.UserCenterApplication - Started UserCenterApplication in 1.508 seconds (JVM running for 1.98)
INFO  o.a.c.core.ContainerBase.[Tomcat].[localhost].[/] - Initializing Spring DispatcherServlet 'dispatcherServlet'
INFO  org.springframework.web.servlet.DispatcherServlet - Initializing Servlet 'dispatcherServlet'
INFO  org.springframework.web.servlet.DispatcherServlet - Completed initialization in 1 ms
INFO  com.example.user_center.UserCenterApplication - Starting UserCenterApplication using Java 1.8.0_221 on DESKTOP-VEAM1P3 with PID 6532 (D:\文件\用户中心\练习\user_center\target\classes started by Administrator in D:\文件\用户中心\练习\user_center)
INFO  com.example.user_center.UserCenterApplication - No active profile set, falling back to 1 default profile: "default"
INFO  o.s.b.d.env.DevToolsPropertyDefaultsPostProcessor - Devtools property defaults active! Set 'spring.devtools.add-properties' to 'false' to disable
INFO  o.s.b.d.env.DevToolsPropertyDefaultsPostProcessor - For additional web related logging consider setting the 'logging.level.web' property to 'DEBUG'
INFO  o.s.boot.web.embedded.tomcat.TomcatWebServer - Tomcat initialized with port(s): 8080 (http)
INFO  org.apache.coyote.http11.Http11NioProtocol - Initializing ProtocolHandler ["http-nio-8080"]
INFO  org.apache.catalina.core.StandardService - Starting service [Tomcat]
INFO  org.apache.catalina.core.StandardEngine - Starting Servlet engine: [Apache Tomcat/9.0.71]
INFO  o.a.c.core.ContainerBase.[Tomcat].[localhost].[/] - Initializing Spring embedded WebApplicationContext
INFO  o.s.b.w.s.c.ServletWebServerApplicationContext - Root WebApplicationContext: initialization completed in 635 ms
INFO  o.s.b.d.autoconfigure.OptionalLiveReloadServer - LiveReload server is running on port 35729
INFO  org.apache.coyote.http11.Http11NioProtocol - Starting ProtocolHandler ["http-nio-8080"]
INFO  o.s.boot.web.embedded.tomcat.TomcatWebServer - Tomcat started on port(s): 8080 (http) with context path ''
INFO  com.example.user_center.UserCenterApplication - Started UserCenterApplication in 1.509 seconds (JVM running for 1.99)
INFO  o.a.c.core.ContainerBase.[Tomcat].[localhost].[/] - Initializing Spring DispatcherServlet 'dispatcherServlet'
INFO  org.springframework.web.servlet.DispatcherServlet - Initializing Servlet 'dispatcherServlet'
INFO  org.springframework.web.servlet.DispatcherServlet - Completed initialization in 0 ms
INFO  com.example.user_center.UserCenterApplication - Starting UserCenterApplication using Java 1.8.0_221 on DESKTOP-VEAM1P3 with PID 12944 (D:\文件\用户中心\练习\user_center\target\classes started by Administrator in D:\文件\用户中心\练习\user_center)
INFO  com.example.user_center.UserCenterApplication - No active profile set, falling back to 1 default profile: "default"
INFO  o.s.b.d.env.DevToolsPropertyDefaultsPostProcessor - Devtools property defaults active! Set 'spring.devtools.add-properties' to 'false' to disable
INFO  o.s.b.d.env.DevToolsPropertyDefaultsPostProcessor - For additional web related logging consider setting the 'logging.level.web' property to 'DEBUG'
INFO  o.s.boot.web.embedded.tomcat.TomcatWebServer - Tomcat initialized with port(s): 8080 (http)
INFO  org.apache.coyote.http11.Http11NioProtocol - Initializing ProtocolHandler ["http-nio-8080"]
INFO  org.apache.catalina.core.StandardService - Starting service [Tomcat]
INFO  org.apache.catalina.core.StandardEngine - Starting Servlet engine: [Apache Tomcat/9.0.71]
INFO  o.a.c.core.ContainerBase.[Tomcat].[localhost].[/] - Initializing Spring embedded WebApplicationContext
INFO  o.s.b.w.s.c.ServletWebServerApplicationContext - Root WebApplicationContext: initialization completed in 632 ms
INFO  o.s.b.d.autoconfigure.OptionalLiveReloadServer - LiveReload server is running on port 35729
INFO  org.apache.coyote.http11.Http11NioProtocol - Starting ProtocolHandler ["http-nio-8080"]
INFO  o.s.boot.web.embedded.tomcat.TomcatWebServer - Tomcat started on port(s): 8080 (http) with context path ''
INFO  com.example.user_center.UserCenterApplication - Started UserCenterApplication in 1.532 seconds (JVM running for 1.994)
INFO  o.a.c.core.ContainerBase.[Tomcat].[localhost].[/] - Initializing Spring DispatcherServlet 'dispatcherServlet'
INFO  org.springframework.web.servlet.DispatcherServlet - Initializing Servlet 'dispatcherServlet'
INFO  org.springframework.web.servlet.DispatcherServlet - Completed initialization in 0 ms
INFO  com.zaxxer.hikari.HikariDataSource - HikariPool-1 - Starting...
INFO  com.zaxxer.hikari.HikariDataSource - HikariPool-1 - Start completed.
INFO  com.zaxxer.hikari.HikariDataSource - HikariPool-1 - Shutdown initiated...
INFO  com.zaxxer.hikari.HikariDataSource - HikariPool-1 - Shutdown completed.
INFO  com.example.user_center.UserCenterApplication - Starting UserCenterApplication using Java 1.8.0_221 on DESKTOP-VEAM1P3 with PID 9108 (D:\文件\用户中心\练习\user_center\target\classes started by Administrator in D:\文件\用户中心\练习\user_center)
INFO  com.example.user_center.UserCenterApplication - No active profile set, falling back to 1 default profile: "default"
INFO  o.s.b.d.env.DevToolsPropertyDefaultsPostProcessor - Devtools property defaults active! Set 'spring.devtools.add-properties' to 'false' to disable
INFO  o.s.b.d.env.DevToolsPropertyDefaultsPostProcessor - For additional web related logging consider setting the 'logging.level.web' property to 'DEBUG'
INFO  o.s.boot.web.embedded.tomcat.TomcatWebServer - Tomcat initialized with port(s): 8080 (http)
INFO  org.apache.coyote.http11.Http11NioProtocol - Initializing ProtocolHandler ["http-nio-8080"]
INFO  org.apache.catalina.core.StandardService - Starting service [Tomcat]
INFO  org.apache.catalina.core.StandardEngine - Starting Servlet engine: [Apache Tomcat/9.0.71]
INFO  o.a.c.core.ContainerBase.[Tomcat].[localhost].[/] - Initializing Spring embedded WebApplicationContext
INFO  o.s.b.w.s.c.ServletWebServerApplicationContext - Root WebApplicationContext: initialization completed in 646 ms
INFO  o.s.b.d.autoconfigure.OptionalLiveReloadServer - LiveReload server is running on port 35729
INFO  org.apache.coyote.http11.Http11NioProtocol - Starting ProtocolHandler ["http-nio-8080"]
INFO  o.s.boot.web.embedded.tomcat.TomcatWebServer - Tomcat started on port(s): 8080 (http) with context path ''
INFO  com.example.user_center.UserCenterApplication - Started UserCenterApplication in 1.518 seconds (JVM running for 2.008)
INFO  o.a.c.core.ContainerBase.[Tomcat].[localhost].[/] - Initializing Spring DispatcherServlet 'dispatcherServlet'
INFO  org.springframework.web.servlet.DispatcherServlet - Initializing Servlet 'dispatcherServlet'
INFO  org.springframework.web.servlet.DispatcherServlet - Completed initialization in 1 ms
INFO  com.zaxxer.hikari.HikariDataSource - HikariPool-1 - Starting...
INFO  com.zaxxer.hikari.HikariDataSource - HikariPool-1 - Start completed.
INFO  com.zaxxer.hikari.HikariDataSource - HikariPool-1 - Shutdown initiated...
INFO  com.zaxxer.hikari.HikariDataSource - HikariPool-1 - Shutdown completed.
INFO  com.example.user_center.UserCenterApplication - Starting UserCenterApplication using Java 1.8.0_221 on DESKTOP-VEAM1P3 with PID 29372 (D:\文件\用户中心\练习\user_center\target\classes started by Administrator in D:\文件\用户中心\练习\user_center)
INFO  com.example.user_center.UserCenterApplication - No active profile set, falling back to 1 default profile: "default"
INFO  o.s.b.d.env.DevToolsPropertyDefaultsPostProcessor - Devtools property defaults active! Set 'spring.devtools.add-properties' to 'false' to disable
INFO  o.s.b.d.env.DevToolsPropertyDefaultsPostProcessor - For additional web related logging consider setting the 'logging.level.web' property to 'DEBUG'
INFO  o.s.boot.web.embedded.tomcat.TomcatWebServer - Tomcat initialized with port(s): 8080 (http)
INFO  org.apache.coyote.http11.Http11NioProtocol - Initializing ProtocolHandler ["http-nio-8080"]
INFO  org.apache.catalina.core.StandardService - Starting service [Tomcat]
INFO  org.apache.catalina.core.StandardEngine - Starting Servlet engine: [Apache Tomcat/9.0.71]
INFO  o.a.c.core.ContainerBase.[Tomcat].[localhost].[/] - Initializing Spring embedded WebApplicationContext
INFO  o.s.b.w.s.c.ServletWebServerApplicationContext - Root WebApplicationContext: initialization completed in 628 ms
INFO  o.s.b.d.autoconfigure.OptionalLiveReloadServer - LiveReload server is running on port 35729
INFO  org.apache.coyote.http11.Http11NioProtocol - Starting ProtocolHandler ["http-nio-8080"]
INFO  o.s.boot.web.embedded.tomcat.TomcatWebServer - Tomcat started on port(s): 8080 (http) with context path ''
INFO  com.example.user_center.UserCenterApplication - Started UserCenterApplication in 1.504 seconds (JVM running for 2.011)
INFO  o.a.c.core.ContainerBase.[Tomcat].[localhost].[/] - Initializing Spring DispatcherServlet 'dispatcherServlet'
INFO  org.springframework.web.servlet.DispatcherServlet - Initializing Servlet 'dispatcherServlet'
INFO  org.springframework.web.servlet.DispatcherServlet - Completed initialization in 0 ms
INFO  com.zaxxer.hikari.HikariDataSource - HikariPool-1 - Starting...
INFO  com.zaxxer.hikari.HikariDataSource - HikariPool-1 - Start completed.
INFO  com.zaxxer.hikari.HikariDataSource - HikariPool-1 - Shutdown initiated...
INFO  com.zaxxer.hikari.HikariDataSource - HikariPool-1 - Shutdown completed.
